<?xml version="1.0" encoding="UTF-8"?>
<testng-results skipped="0" failed="0" total="1" passed="1">
  <reporter-output>
  </reporter-output>
  <suite name="SearchCar Suite" duration-ms="176149" started-at="2021-06-18T14:30:31Z" finished-at="2021-06-18T14:33:27Z">
    <groups>
      <group name="cucumber">
        <method signature="AbstractTestNGCucumberTests.feature(cucumber.api.testng.CucumberFeatureWrapper)[pri:0, instance:runner.RunCuke@32cf48b7]" name="feature" class="cucumber.api.testng.AbstractTestNGCucumberTests"/>
      </group> <!-- cucumber -->
    </groups>
    <test name="SearchCar Test" duration-ms="176149" started-at="2021-06-18T14:30:31Z" finished-at="2021-06-18T14:33:27Z">
      <class name="runner.RunCuke">
        <test-method status="PASS" signature="setUpClass()[pri:0, instance:runner.RunCuke@32cf48b7]" name="setUpClass" is-config="true" duration-ms="831" started-at="2021-06-18T20:00:31Z" finished-at="2021-06-18T20:00:32Z">
          <reporter-output>
          </reporter-output>
        </test-method> <!-- setUpClass -->
        <test-method status="PASS" signature="setup()[pri:0, instance:runner.RunCuke@32cf48b7]" name="setup" is-config="true" duration-ms="393" started-at="2021-06-18T20:00:32Z" finished-at="2021-06-18T20:00:32Z">
          <reporter-output>
          </reporter-output>
        </test-method> <!-- setup -->
        <test-method status="PASS" signature="feature(cucumber.api.testng.CucumberFeatureWrapper)[pri:0, instance:runner.RunCuke@32cf48b7]" name="feature" duration-ms="174291" started-at="2021-06-18T20:00:32Z" description="Runs Cucumber Feature" data-provider="features" finished-at="2021-06-18T20:03:27Z">
          <params>
            <param index="0">
              <value>
                <![CDATA[Acceptance testing to validate Search Cars Page is working.]]>
              </value>
            </param>
          </params>
          <reporter-output>
          </reporter-output>
        </test-method> <!-- feature -->
        <test-method status="PASS" signature="tearDownClass()[pri:0, instance:runner.RunCuke@32cf48b7]" name="tearDownClass" is-config="true" duration-ms="390" started-at="2021-06-18T20:03:27Z" finished-at="2021-06-18T20:03:27Z">
          <reporter-output>
          </reporter-output>
        </test-method> <!-- tearDownClass -->
      </class> <!-- runner.RunCuke -->
    </test> <!-- SearchCar Test -->
  </suite> <!-- SearchCar Suite -->
</testng-results>
