<?xml version="1.0" encoding="UTF-8"?>
<testsuite name="TestSuite" time="4.803" tests="4" errors="0" skipped="2" failures="2">
  <properties>
[...]
</properties>
  <testcase name="setUpClass" classname="runner.RunCuke" time="2.392">
    <failure message="Unknown option: --tag" type="cucumber.runtime.CucumberException"><![CDATA[cucumber.runtime.CucumberException: Unknown option: --tag
	at cucumber.runtime.RuntimeOptions.parse(RuntimeOptions.java:148)
	at cucumber.runtime.RuntimeOptions.<init>(RuntimeOptions.java:89)
	at cucumber.runtime.RuntimeOptions.<init>(RuntimeOptions.java:78)
	at cucumber.runtime.RuntimeOptions.<init>(RuntimeOptions.java:70)
	at cucumber.runtime.RuntimeOptionsFactory.create(RuntimeOptionsFactory.java:25)
	at cucumber.api.testng.TestNGCucumberRunner.<init>(TestNGCucumberRunner.java:37)
	at cucumber.api.testng.AbstractTestNGCucumberTests.setUpClass(AbstractTestNGCucumberTests.java:16)
	at sun.reflect.NativeMethodAccessorImpl.invoke0(Native Method)
	at sun.reflect.NativeMethodAccessorImpl.invoke(NativeMethodAccessorImpl.java:62)
	at sun.reflect.DelegatingMethodAccessorImpl.invoke(DelegatingMethodAccessorImpl.java:43)
	at java.lang.reflect.Method.invoke(Method.java:498)
	at org.testng.internal.MethodInvocationHelper.invokeMethod(MethodInvocationHelper.java:86)
	at org.testng.internal.Invoker.invokeConfigurationMethod(Invoker.java:514)
	at org.testng.internal.Invoker.invokeConfigurations(Invoker.java:215)
	at org.testng.internal.Invoker.invokeConfigurations(Invoker.java:142)
	at org.testng.internal.TestMethodWorker.invokeBeforeClassMethods(TestMethodWorker.java:178)
	at org.testng.internal.TestMethodWorker.run(TestMethodWorker.java:108)
	at org.testng.TestRunner.privateRun(TestRunner.java:782)
	at org.testng.TestRunner.run(TestRunner.java:632)
	at org.testng.SuiteRunner.runTest(SuiteRunner.java:366)
	at org.testng.SuiteRunner.runSequentially(SuiteRunner.java:361)
	at org.testng.SuiteRunner.privateRun(SuiteRunner.java:319)
	at org.testng.SuiteRunner.run(SuiteRunner.java:268)
	at org.testng.SuiteRunnerWorker.runSuite(SuiteRunnerWorker.java:52)
	at org.testng.SuiteRunnerWorker.run(SuiteRunnerWorker.java:86)
	at org.testng.TestNG.runSuitesSequentially(TestNG.java:1244)
	at org.testng.TestNG.runSuitesLocally(TestNG.java:1169)
	at org.testng.TestNG.run(TestNG.java:1064)
	at org.apache.maven.surefire.testng.TestNGExecutor.run(TestNGExecutor.java:295)
	at org.apache.maven.surefire.testng.TestNGXmlTestSuite.execute(TestNGXmlTestSuite.java:84)
	at org.apache.maven.surefire.testng.TestNGProvider.invoke(TestNGProvider.java:90)
	at org.apache.maven.surefire.booter.ForkedBooter.invokeProviderInSameClassLoader(ForkedBooter.java:203)
	at org.apache.maven.surefire.booter.ForkedBooter.runSuitesInProcess(ForkedBooter.java:155)
	at org.apache.maven.surefire.booter.ForkedBooter.main(ForkedBooter.java:103)
]]></failure>
    <system-out><![CDATA[[TestNGContentHandler] [WARN] It is strongly recommended to add "<!DOCTYPE suite SYSTEM "http://testng.org/testng-1.0.dtd" >" at the top of your file, otherwise TestNG may fail or not work as expected.
Usage: java cucumber.api.cli.Main [options] [[[FILE|DIR][:LINE[:LINE]*] ]+ | @FILE ]

Options:

  -g, --glue PATH                        Where glue code (step definitions, hooks
                                         and plugins) are loaded from.
  -p, --[add-]plugin PLUGIN[:PATH_OR_URL]
                                         Register a plugin.
                                         Built-in formatter PLUGIN types: junit,
                                         html, pretty, progress, json, usage, rerun,
                                         testng. Built-in summary PLUGIN types:
                                         default_summary, null_summary. PLUGIN can
                                         also be a fully qualified class name, allowing
                                         registration of 3rd party plugins.
                                         --add-plugin does not clobber plugins of that 
                                         type defined from a different source.
  -f, --format FORMAT[:PATH_OR_URL]      Deprecated. Use --plugin instead.
  -t, --tags TAG_EXPRESSION              Only run scenarios tagged with tags matching
                                         TAG_EXPRESSION.
  -n, --name REGEXP                      Only run scenarios whose names match REGEXP.
  -d, --[no-]-dry-run                    Skip execution of glue code.
  -m, --[no-]-monochrome                 Don't colour terminal output.
  -s, --[no-]-strict                     Treat undefined and pending steps as errors.
      --snippets [underscore|camelcase]  Naming convention for generated snippets.
                                         Defaults to underscore.
  -v, --version                          Print version.
  -h, --help                             You're looking at it.
  --i18n LANG                            List keywords for in a particular language
                                         Run with "--i18n help" to see all languages
  --junit,OPTION[,OPTION]*               Pass the OPTION(s) to the JUnit module.
                                         Use --junit,-h or --junit,--help to print the
                                         options of the JUnit module.

Feature path examples:
  <path>                                 Load the files with the extension ".feature"
                                         for the directory <path>
                                         and its sub directories.
  <path>/<name>.feature                  Load the feature file <path>/<name>.feature
                                         from the file system.
  classpath:<path>/<name>.feature        Load the feature file <path>/<name>.feature
                                         from the classpath.
  <path>/<name>.feature:3:9              Load the scenarios on line 3 and line 9 in
                                         the file <path>/<name>.feature.
  @<path>/<file>                         Parse <path>/<file> for feature paths generated
                                         by the rerun formatter.

]]></system-out>
  </testcase>
  <testcase name="setup" classname="runner.RunCuke" time="0">
    <skipped/>
  </testcase>
  <testcase name="feature" classname="runner.RunCuke" time="0">
    <skipped/>
  </testcase>
  <testcase name="tearDownClass" classname="runner.RunCuke" time="2.411">
    <failure type="java.lang.NullPointerException:">java.lang.NullPointerException: null
	at cucumber.api.testng.AbstractTestNGCucumberTests.tearDownClass(AbstractTestNGCucumberTests.java:34)
	at sun.reflect.NativeMethodAccessorImpl.invoke0(Native Method)
	at sun.reflect.NativeMethodAccessorImpl.invoke(NativeMethodAccessorImpl.java:62)
	at sun.reflect.DelegatingMethodAccessorImpl.invoke(DelegatingMethodAccessorImpl.java:43)
	at java.lang.reflect.Method.invoke(Method.java:498)
	at org.testng.internal.MethodInvocationHelper.invokeMethod(MethodInvocationHelper.java:86)
	at org.testng.internal.Invoker.invokeConfigurationMethod(Invoker.java:514)
	at org.testng.internal.Invoker.invokeConfigurations(Invoker.java:215)
	at org.testng.internal.Invoker.invokeConfigurations(Invoker.java:142)
	at org.testng.internal.TestMethodWorker.invokeAfterClassMethods(TestMethodWorker.java:232)
	at org.testng.internal.TestMethodWorker.run(TestMethodWorker.java:115)
	at org.testng.TestRunner.privateRun(TestRunner.java:782)
	at org.testng.TestRunner.run(TestRunner.java:632)
	at org.testng.SuiteRunner.runTest(SuiteRunner.java:366)
	at org.testng.SuiteRunner.runSequentially(SuiteRunner.java:361)
	at org.testng.SuiteRunner.privateRun(SuiteRunner.java:319)
	at org.testng.SuiteRunner.run(SuiteRunner.java:268)
	at org.testng.SuiteRunnerWorker.runSuite(SuiteRunnerWorker.java:52)
	at org.testng.SuiteRunnerWorker.run(SuiteRunnerWorker.java:86)
	at org.testng.TestNG.runSuitesSequentially(TestNG.java:1244)
	at org.testng.TestNG.runSuitesLocally(TestNG.java:1169)
	at org.testng.TestNG.run(TestNG.java:1064)
	at org.apache.maven.surefire.testng.TestNGExecutor.run(TestNGExecutor.java:295)
	at org.apache.maven.surefire.testng.TestNGXmlTestSuite.execute(TestNGXmlTestSuite.java:84)
	at org.apache.maven.surefire.testng.TestNGProvider.invoke(TestNGProvider.java:90)
	at org.apache.maven.surefire.booter.ForkedBooter.invokeProviderInSameClassLoader(ForkedBooter.java:203)
	at org.apache.maven.surefire.booter.ForkedBooter.runSuitesInProcess(ForkedBooter.java:155)
	at org.apache.maven.surefire.booter.ForkedBooter.main(ForkedBooter.java:103)
</failure>
  </testcase>
</testsuite>