<?xml version="1.0" encoding="UTF-8"?>
<testng-results skipped="0" failed="0" total="1" passed="1">
  <reporter-output>
  </reporter-output>
  <suite name="SearchCar Suite" duration-ms="115662" started-at="2021-06-18T18:02:16Z" finished-at="2021-06-18T18:04:12Z">
    <groups>
      <group name="cucumber">
        <method signature="AbstractTestNGCucumberTests.feature(cucumber.api.testng.CucumberFeatureWrapper)[pri:0, instance:runner.RunCuke@3b2da18f]" name="feature" class="cucumber.api.testng.AbstractTestNGCucumberTests"/>
      </group> <!-- cucumber -->
    </groups>
    <test name="SearchCar Test" duration-ms="115662" started-at="2021-06-18T18:02:16Z" finished-at="2021-06-18T18:04:12Z">
      <class name="runner.RunCuke">
        <test-method status="PASS" signature="setUpClass()[pri:0, instance:runner.RunCuke@3b2da18f]" name="setUpClass" is-config="true" duration-ms="1125" started-at="2021-06-18T23:32:16Z" finished-at="2021-06-18T23:32:17Z">
          <reporter-output>
          </reporter-output>
        </test-method> <!-- setUpClass -->
        <test-method status="PASS" signature="setup()[pri:0, instance:runner.RunCuke@3b2da18f]" name="setup" is-config="true" duration-ms="714" started-at="2021-06-18T23:32:17Z" finished-at="2021-06-18T23:32:18Z">
          <reporter-output>
          </reporter-output>
        </test-method> <!-- setup -->
        <test-method status="PASS" signature="feature(cucumber.api.testng.CucumberFeatureWrapper)[pri:0, instance:runner.RunCuke@3b2da18f]" name="feature" duration-ms="112379" started-at="2021-06-18T23:32:18Z" description="Runs Cucumber Feature" data-provider="features" finished-at="2021-06-18T23:34:11Z">
          <params>
            <param index="0">
              <value>
                <![CDATA[Acceptance testing to chrck]]>
              </value>
            </param>
          </params>
          <reporter-output>
          </reporter-output>
        </test-method> <!-- feature -->
        <test-method status="PASS" signature="tearDownClass()[pri:0, instance:runner.RunCuke@3b2da18f]" name="tearDownClass" is-config="true" duration-ms="735" started-at="2021-06-18T23:34:11Z" finished-at="2021-06-18T23:34:11Z">
          <reporter-output>
          </reporter-output>
        </test-method> <!-- tearDownClass -->
      </class> <!-- runner.RunCuke -->
    </test> <!-- SearchCar Test -->
  </suite> <!-- SearchCar Suite -->
</testng-results>
