<?xml version="1.0" encoding="UTF-8"?>
<testng-results skipped="0" failed="0" total="1" passed="1">
  <reporter-output>
  </reporter-output>
  <suite name="SearchCar Suite" duration-ms="54335" started-at="2021-06-18T14:27:44Z" finished-at="2021-06-18T14:28:38Z">
    <groups>
      <group name="cucumber">
        <method signature="AbstractTestNGCucumberTests.feature(cucumber.api.testng.CucumberFeatureWrapper)[pri:0, instance:runner.RunCuke@3b2da18f]" name="feature" class="cucumber.api.testng.AbstractTestNGCucumberTests"/>
      </group> <!-- cucumber -->
    </groups>
    <test name="SearchCar Test" duration-ms="54335" started-at="2021-06-18T14:27:44Z" finished-at="2021-06-18T14:28:38Z">
      <class name="runner.RunCuke">
        <test-method status="PASS" signature="setUpClass()[pri:0, instance:runner.RunCuke@3b2da18f]" name="setUpClass" is-config="true" duration-ms="800" started-at="2021-06-18T19:57:44Z" finished-at="2021-06-18T19:57:45Z">
          <reporter-output>
          </reporter-output>
        </test-method> <!-- setUpClass -->
        <test-method status="PASS" signature="setup()[pri:0, instance:runner.RunCuke@3b2da18f]" name="setup" is-config="true" duration-ms="638" started-at="2021-06-18T19:57:45Z" finished-at="2021-06-18T19:57:45Z">
          <reporter-output>
          </reporter-output>
        </test-method> <!-- setup -->
        <test-method status="PASS" signature="feature(cucumber.api.testng.CucumberFeatureWrapper)[pri:0, instance:runner.RunCuke@3b2da18f]" name="feature" duration-ms="52135" started-at="2021-06-18T19:57:46Z" description="Runs Cucumber Feature" data-provider="features" finished-at="2021-06-18T19:58:38Z">
          <params>
            <param index="0">
              <value>
                <![CDATA[Acceptance testing to validate Search Cars Page is working.]]>
              </value>
            </param>
          </params>
          <reporter-output>
          </reporter-output>
        </test-method> <!-- feature -->
        <test-method status="PASS" signature="tearDownClass()[pri:0, instance:runner.RunCuke@3b2da18f]" name="tearDownClass" is-config="true" duration-ms="452" started-at="2021-06-18T19:58:38Z" finished-at="2021-06-18T19:58:38Z">
          <reporter-output>
          </reporter-output>
        </test-method> <!-- tearDownClass -->
      </class> <!-- runner.RunCuke -->
    </test> <!-- SearchCar Test -->
  </suite> <!-- SearchCar Suite -->
</testng-results>
